<?xml version="1.0" encoding="UTF-8"?>
<testsuite name="ru.stqa.pft.addressbook.tests.ContactCreationTests" tests="3" skipped="0" failures="0" errors="0" timestamp="2018-07-25T03:41:10" hostname="asus-rita" time="30.013">
  <properties/>
  <testcase name="testContactCreation[0](ContactData{id='0', firstName='firstName 0', lastName='lastName 0'})" classname="ru.stqa.pft.addressbook.tests.ContactCreationTests" time="12.446"/>
  <testcase name="testContactCreation[1](ContactData{id='0', firstName='firstName 1', lastName='lastName 1'})" classname="ru.stqa.pft.addressbook.tests.ContactCreationTests" time="8.555"/>
  <testcase name="testContactCreation[2](ContactData{id='0', firstName='firstName 2', lastName='lastName 2'})" classname="ru.stqa.pft.addressbook.tests.ContactCreationTests" time="9.01"/>
  <system-out><![CDATA[]]></system-out>
  <system-err><![CDATA[Security framework of XStream not initialized, XStream is probably vulnerable.
]]></system-err>
</testsuite>
